{"C:\\programming\\ex plugin FSM\\src\\ExFSM.ts": {"path":"C:\\programming\\ex plugin FSM\\src\\ExFSM.ts","all":false,"statementMap":{"0":{"start":{"line":1,"column":0},"end":{"line":1,"column":20}},"1":{"start":{"line":2,"column":0},"end":{"line":2,"column":45}},"2":{"start":{"line":3,"column":0},"end":{"line":3,"column":40}},"3":{"start":{"line":4,"column":0},"end":{"line":4,"column":35}},"4":{"start":{"line":5,"column":0},"end":{"line":5,"column":33}},"6":{"start":{"line":7,"column":0},"end":{"line":7,"column":18}},"8":{"start":{"line":9,"column":0},"end":{"line":9,"column":55}},"9":{"start":{"line":10,"column":0},"end":{"line":10,"column":40}},"11":{"start":{"line":12,"column":0},"end":{"line":12,"column":32}},"12":{"start":{"line":13,"column":0},"end":{"line":13,"column":38}},"13":{"start":{"line":14,"column":0},"end":{"line":14,"column":44}},"14":{"start":{"line":15,"column":0},"end":{"line":15,"column":39}},"15":{"start":{"line":16,"column":0},"end":{"line":16,"column":49}},"16":{"start":{"line":17,"column":0},"end":{"line":17,"column":17}},"17":{"start":{"line":18,"column":0},"end":{"line":18,"column":7}},"20":{"start":{"line":21,"column":0},"end":{"line":21,"column":29}},"21":{"start":{"line":22,"column":0},"end":{"line":22,"column":37}},"22":{"start":{"line":23,"column":0},"end":{"line":23,"column":47}},"23":{"start":{"line":24,"column":0},"end":{"line":24,"column":5}},"25":{"start":{"line":26,"column":0},"end":{"line":26,"column":27}},"26":{"start":{"line":27,"column":0},"end":{"line":27,"column":3}},"28":{"start":{"line":29,"column":0},"end":{"line":29,"column":72}},"29":{"start":{"line":30,"column":0},"end":{"line":30,"column":39}},"30":{"start":{"line":31,"column":0},"end":{"line":31,"column":45}},"31":{"start":{"line":32,"column":0},"end":{"line":32,"column":22}},"34":{"start":{"line":35,"column":0},"end":{"line":35,"column":36}},"35":{"start":{"line":36,"column":0},"end":{"line":36,"column":46}},"36":{"start":{"line":37,"column":0},"end":{"line":37,"column":22}},"37":{"start":{"line":38,"column":0},"end":{"line":38,"column":52}},"38":{"start":{"line":39,"column":0},"end":{"line":39,"column":7}},"40":{"start":{"line":41,"column":0},"end":{"line":41,"column":22}},"41":{"start":{"line":42,"column":0},"end":{"line":42,"column":12}},"42":{"start":{"line":43,"column":0},"end":{"line":43,"column":51}},"43":{"start":{"line":44,"column":0},"end":{"line":44,"column":22}},"44":{"start":{"line":45,"column":0},"end":{"line":45,"column":52}},"45":{"start":{"line":46,"column":0},"end":{"line":46,"column":7}},"46":{"start":{"line":47,"column":0},"end":{"line":47,"column":40}},"48":{"start":{"line":49,"column":0},"end":{"line":49,"column":22}},"49":{"start":{"line":50,"column":0},"end":{"line":50,"column":5}},"51":{"start":{"line":52,"column":0},"end":{"line":52,"column":30}},"53":{"start":{"line":54,"column":0},"end":{"line":54,"column":23}},"54":{"start":{"line":55,"column":0},"end":{"line":55,"column":51}},"55":{"start":{"line":56,"column":0},"end":{"line":56,"column":12}},"56":{"start":{"line":57,"column":0},"end":{"line":57,"column":21}},"57":{"start":{"line":58,"column":0},"end":{"line":58,"column":5}},"60":{"start":{"line":61,"column":0},"end":{"line":61,"column":37}},"61":{"start":{"line":62,"column":0},"end":{"line":62,"column":33}},"62":{"start":{"line":63,"column":0},"end":{"line":63,"column":55}},"63":{"start":{"line":64,"column":0},"end":{"line":64,"column":42}},"64":{"start":{"line":65,"column":0},"end":{"line":65,"column":38}},"65":{"start":{"line":66,"column":0},"end":{"line":66,"column":32}},"66":{"start":{"line":67,"column":0},"end":{"line":67,"column":40}},"67":{"start":{"line":68,"column":0},"end":{"line":68,"column":42}},"68":{"start":{"line":69,"column":0},"end":{"line":69,"column":13}},"69":{"start":{"line":70,"column":0},"end":{"line":70,"column":9}},"70":{"start":{"line":71,"column":0},"end":{"line":71,"column":28}},"71":{"start":{"line":72,"column":0},"end":{"line":72,"column":36}},"72":{"start":{"line":73,"column":0},"end":{"line":73,"column":38}},"73":{"start":{"line":74,"column":0},"end":{"line":74,"column":9}},"74":{"start":{"line":75,"column":0},"end":{"line":75,"column":5}},"76":{"start":{"line":77,"column":0},"end":{"line":77,"column":51}},"78":{"start":{"line":79,"column":0},"end":{"line":79,"column":38}},"79":{"start":{"line":80,"column":0},"end":{"line":80,"column":34}},"80":{"start":{"line":81,"column":0},"end":{"line":81,"column":28}},"81":{"start":{"line":82,"column":0},"end":{"line":82,"column":36}},"82":{"start":{"line":83,"column":0},"end":{"line":83,"column":38}},"83":{"start":{"line":84,"column":0},"end":{"line":84,"column":9}},"84":{"start":{"line":85,"column":0},"end":{"line":85,"column":5}},"85":{"start":{"line":86,"column":0},"end":{"line":86,"column":24}},"86":{"start":{"line":87,"column":0},"end":{"line":87,"column":32}},"87":{"start":{"line":88,"column":0},"end":{"line":88,"column":34}},"88":{"start":{"line":89,"column":0},"end":{"line":89,"column":3}},"90":{"start":{"line":91,"column":0},"end":{"line":91,"column":18}},"91":{"start":{"line":92,"column":0},"end":{"line":92,"column":24}},"92":{"start":{"line":93,"column":0},"end":{"line":93,"column":38}},"93":{"start":{"line":94,"column":0},"end":{"line":94,"column":5}},"94":{"start":{"line":95,"column":0},"end":{"line":95,"column":24}},"95":{"start":{"line":96,"column":0},"end":{"line":96,"column":3}},"97":{"start":{"line":98,"column":0},"end":{"line":98,"column":11}},"98":{"start":{"line":99,"column":0},"end":{"line":99,"column":24}},"99":{"start":{"line":100,"column":0},"end":{"line":100,"column":28}},"100":{"start":{"line":101,"column":0},"end":{"line":101,"column":25}},"101":{"start":{"line":102,"column":0},"end":{"line":102,"column":3}},"103":{"start":{"line":104,"column":0},"end":{"line":104,"column":12}},"104":{"start":{"line":105,"column":0},"end":{"line":105,"column":24}},"105":{"start":{"line":106,"column":0},"end":{"line":106,"column":13}},"106":{"start":{"line":107,"column":0},"end":{"line":107,"column":5}},"107":{"start":{"line":108,"column":0},"end":{"line":108,"column":23}},"108":{"start":{"line":109,"column":0},"end":{"line":109,"column":49}},"109":{"start":{"line":110,"column":0},"end":{"line":110,"column":5}},"110":{"start":{"line":111,"column":0},"end":{"line":111,"column":3}},"111":{"start":{"line":112,"column":0},"end":{"line":112,"column":1}},"113":{"start":{"line":114,"column":0},"end":{"line":114,"column":22}},"114":{"start":{"line":115,"column":0},"end":{"line":115,"column":37}},"116":{"start":{"line":117,"column":0},"end":{"line":117,"column":75}},"118":{"start":{"line":119,"column":0},"end":{"line":119,"column":70}},"120":{"start":{"line":121,"column":0},"end":{"line":121,"column":49}},"122":{"start":{"line":123,"column":0},"end":{"line":123,"column":49}},"123":{"start":{"line":124,"column":0},"end":{"line":124,"column":1}}},"s":{"0":1,"1":10,"2":10,"3":10,"4":10,"6":10,"8":10,"9":9,"11":9,"12":17,"13":8,"14":8,"15":8,"16":8,"17":8,"20":9,"21":9,"22":9,"23":9,"25":9,"26":9,"28":10,"29":12,"30":12,"31":12,"34":12,"35":2,"36":2,"37":1,"38":1,"40":1,"41":12,"42":10,"43":10,"44":0,"45":0,"46":10,"48":10,"49":10,"51":11,"53":12,"54":4,"55":12,"56":7,"57":7,"60":12,"61":2,"62":2,"63":2,"64":1,"65":1,"66":1,"67":1,"68":1,"69":1,"70":1,"71":1,"72":1,"73":2,"74":2,"76":9,"78":12,"79":1,"80":1,"81":1,"82":1,"83":1,"84":1,"85":8,"86":8,"87":8,"88":12,"90":10,"91":12,"92":2,"93":2,"94":10,"95":12,"97":10,"98":1,"99":1,"100":1,"101":1,"103":10,"104":1,"105":0,"106":0,"107":1,"108":1,"109":1,"110":1,"111":10,"113":1,"114":1,"116":1,"118":1,"120":1,"122":1,"123":1},"branchMap":{"0":{"type":"branch","line":1,"loc":{"start":{"line":1,"column":7},"end":{"line":112,"column":1}},"locations":[{"start":{"line":1,"column":7},"end":{"line":112,"column":1}}]},"1":{"type":"branch","line":7,"loc":{"start":{"line":7,"column":2},"end":{"line":7,"column":18}},"locations":[{"start":{"line":7,"column":2},"end":{"line":7,"column":18}}]},"2":{"type":"branch","line":9,"loc":{"start":{"line":9,"column":2},"end":{"line":27,"column":3}},"locations":[{"start":{"line":9,"column":2},"end":{"line":27,"column":3}}]},"3":{"type":"branch","line":12,"loc":{"start":{"line":12,"column":31},"end":{"line":24,"column":5}},"locations":[{"start":{"line":12,"column":31},"end":{"line":24,"column":5}}]},"4":{"type":"branch","line":13,"loc":{"start":{"line":13,"column":37},"end":{"line":18,"column":7}},"locations":[{"start":{"line":13,"column":37},"end":{"line":18,"column":7}}]},"5":{"type":"branch","line":18,"loc":{"start":{"line":18,"column":6},"end":{"line":24,"column":5}},"locations":[{"start":{"line":18,"column":6},"end":{"line":24,"column":5}}]},"6":{"type":"branch","line":29,"loc":{"start":{"line":29,"column":2},"end":{"line":89,"column":3}},"locations":[{"start":{"line":29,"column":2},"end":{"line":89,"column":3}}]},"7":{"type":"branch","line":35,"loc":{"start":{"line":35,"column":35},"end":{"line":42,"column":11}},"locations":[{"start":{"line":35,"column":35},"end":{"line":42,"column":11}}]},"8":{"type":"branch","line":37,"loc":{"start":{"line":37,"column":21},"end":{"line":42,"column":11}},"locations":[{"start":{"line":37,"column":21},"end":{"line":42,"column":11}}]},"9":{"type":"branch","line":42,"loc":{"start":{"line":42,"column":4},"end":{"line":50,"column":5}},"locations":[{"start":{"line":42,"column":4},"end":{"line":50,"column":5}}]},"10":{"type":"branch","line":44,"loc":{"start":{"line":44,"column":21},"end":{"line":46,"column":7}},"locations":[{"start":{"line":44,"column":21},"end":{"line":46,"column":7}}]},"11":{"type":"branch","line":50,"loc":{"start":{"line":50,"column":4},"end":{"line":54,"column":22}},"locations":[{"start":{"line":50,"column":4},"end":{"line":54,"column":22}}]},"12":{"type":"branch","line":54,"loc":{"start":{"line":54,"column":22},"end":{"line":56,"column":11}},"locations":[{"start":{"line":54,"column":22},"end":{"line":56,"column":11}}]},"13":{"type":"branch","line":56,"loc":{"start":{"line":56,"column":4},"end":{"line":58,"column":5}},"locations":[{"start":{"line":56,"column":4},"end":{"line":58,"column":5}}]},"14":{"type":"branch","line":58,"loc":{"start":{"line":58,"column":4},"end":{"line":61,"column":36}},"locations":[{"start":{"line":58,"column":4},"end":{"line":61,"column":36}}]},"15":{"type":"branch","line":61,"loc":{"start":{"line":61,"column":36},"end":{"line":75,"column":5}},"locations":[{"start":{"line":61,"column":36},"end":{"line":75,"column":5}}]},"16":{"type":"branch","line":75,"loc":{"start":{"line":75,"column":4},"end":{"line":79,"column":37}},"locations":[{"start":{"line":75,"column":4},"end":{"line":79,"column":37}}]},"17":{"type":"branch","line":79,"loc":{"start":{"line":79,"column":37},"end":{"line":85,"column":5}},"locations":[{"start":{"line":79,"column":37},"end":{"line":85,"column":5}}]},"18":{"type":"branch","line":85,"loc":{"start":{"line":85,"column":4},"end":{"line":88,"column":34}},"locations":[{"start":{"line":85,"column":4},"end":{"line":88,"column":34}}]},"19":{"type":"branch","line":62,"loc":{"start":{"line":62,"column":26},"end":{"line":74,"column":7}},"locations":[{"start":{"line":62,"column":26},"end":{"line":74,"column":7}}]},"20":{"type":"branch","line":64,"loc":{"start":{"line":64,"column":41},"end":{"line":73,"column":38}},"locations":[{"start":{"line":64,"column":41},"end":{"line":73,"column":38}}]},"21":{"type":"branch","line":65,"loc":{"start":{"line":65,"column":31},"end":{"line":69,"column":11}},"locations":[{"start":{"line":65,"column":31},"end":{"line":69,"column":11}}]},"22":{"type":"branch","line":80,"loc":{"start":{"line":80,"column":27},"end":{"line":84,"column":7}},"locations":[{"start":{"line":80,"column":27},"end":{"line":84,"column":7}}]},"23":{"type":"branch","line":91,"loc":{"start":{"line":91,"column":2},"end":{"line":96,"column":3}},"locations":[{"start":{"line":91,"column":2},"end":{"line":96,"column":3}}]},"24":{"type":"branch","line":92,"loc":{"start":{"line":92,"column":23},"end":{"line":94,"column":5}},"locations":[{"start":{"line":92,"column":23},"end":{"line":94,"column":5}}]},"25":{"type":"branch","line":94,"loc":{"start":{"line":94,"column":4},"end":{"line":95,"column":24}},"locations":[{"start":{"line":94,"column":4},"end":{"line":95,"column":24}}]},"26":{"type":"branch","line":98,"loc":{"start":{"line":98,"column":2},"end":{"line":102,"column":3}},"locations":[{"start":{"line":98,"column":2},"end":{"line":102,"column":3}}]},"27":{"type":"branch","line":104,"loc":{"start":{"line":104,"column":2},"end":{"line":111,"column":3}},"locations":[{"start":{"line":104,"column":2},"end":{"line":111,"column":3}}]},"28":{"type":"branch","line":105,"loc":{"start":{"line":105,"column":23},"end":{"line":107,"column":5}},"locations":[{"start":{"line":105,"column":23},"end":{"line":107,"column":5}}]},"29":{"type":"branch","line":115,"loc":{"start":{"line":115,"column":2},"end":{"line":115,"column":37}},"locations":[{"start":{"line":115,"column":2},"end":{"line":115,"column":37}}]},"30":{"type":"branch","line":117,"loc":{"start":{"line":117,"column":2},"end":{"line":117,"column":75}},"locations":[{"start":{"line":117,"column":2},"end":{"line":117,"column":75}}]},"31":{"type":"branch","line":119,"loc":{"start":{"line":119,"column":2},"end":{"line":119,"column":70}},"locations":[{"start":{"line":119,"column":2},"end":{"line":119,"column":70}}]}},"b":{"0":[10],"1":[10],"2":[9],"3":[17],"4":[8],"5":[9],"6":[12],"7":[2],"8":[1],"9":[10],"10":[0],"11":[11],"12":[4],"13":[7],"14":[11],"15":[2],"16":[9],"17":[1],"18":[8],"19":[2],"20":[1],"21":[1],"22":[1],"23":[12],"24":[2],"25":[10],"26":[1],"27":[1],"28":[0],"29":[17],"30":[7],"31":[1]},"fnMap":{"0":{"name":"<instance_members_initializer>","decl":{"start":{"line":1,"column":7},"end":{"line":112,"column":1}},"loc":{"start":{"line":1,"column":7},"end":{"line":112,"column":1}},"line":1},"1":{"name":"ExFSM","decl":{"start":{"line":7,"column":2},"end":{"line":7,"column":18}},"loc":{"start":{"line":7,"column":2},"end":{"line":7,"column":18}},"line":7},"2":{"name":"register","decl":{"start":{"line":9,"column":2},"end":{"line":27,"column":3}},"loc":{"start":{"line":9,"column":2},"end":{"line":27,"column":3}},"line":9},"3":{"name":"set","decl":{"start":{"line":29,"column":2},"end":{"line":89,"column":3}},"loc":{"start":{"line":29,"column":2},"end":{"line":89,"column":3}},"line":29},"4":{"name":"get","decl":{"start":{"line":91,"column":2},"end":{"line":96,"column":3}},"loc":{"start":{"line":91,"column":2},"end":{"line":96,"column":3}},"line":91},"5":{"name":"reset","decl":{"start":{"line":98,"column":2},"end":{"line":102,"column":3}},"loc":{"start":{"line":98,"column":2},"end":{"line":102,"column":3}},"line":98},"6":{"name":"update","decl":{"start":{"line":104,"column":2},"end":{"line":111,"column":3}},"loc":{"start":{"line":104,"column":2},"end":{"line":111,"column":3}},"line":104},"7":{"name":"ExState","decl":{"start":{"line":115,"column":2},"end":{"line":115,"column":37}},"loc":{"start":{"line":115,"column":2},"end":{"line":115,"column":37}},"line":115},"8":{"name":"enter","decl":{"start":{"line":117,"column":2},"end":{"line":117,"column":75}},"loc":{"start":{"line":117,"column":2},"end":{"line":117,"column":75}},"line":117},"9":{"name":"exit","decl":{"start":{"line":119,"column":2},"end":{"line":119,"column":70}},"loc":{"start":{"line":119,"column":2},"end":{"line":119,"column":70}},"line":119},"10":{"name":"update","decl":{"start":{"line":121,"column":2},"end":{"line":121,"column":49}},"loc":{"start":{"line":121,"column":2},"end":{"line":121,"column":49}},"line":121},"11":{"name":"repeat","decl":{"start":{"line":123,"column":2},"end":{"line":123,"column":49}},"loc":{"start":{"line":123,"column":2},"end":{"line":123,"column":49}},"line":123}},"f":{"0":10,"1":10,"2":9,"3":12,"4":12,"5":1,"6":1,"7":17,"8":7,"9":1,"10":0,"11":0}}
}
